Fri Jan 27 2023 01:32:19 GMT+0200 (Eastern European Standard Time) | INFO | Get all books
Fri Jan 27 2023 01:32:46 GMT+0200 (Eastern European Standard Time) | ERROR | rethrow is not defined
Fri Jan 27 2023 01:32:56 GMT+0200 (Eastern European Standard Time) | INFO | Get all books
Fri Jan 27 2023 01:33:15 GMT+0200 (Eastern European Standard Time) | INFO | 
Fri Jan 27 2023 01:33:33 GMT+0200 (Eastern European Standard Time) | INFO | Get All Books
Fri Jan 27 2023 01:33:52 GMT+0200 (Eastern European Standard Time) | ERROR | Client was passed a null or undefined query
Fri Jan 27 2023 01:34:22 GMT+0200 (Eastern European Standard Time) | ERROR | Client was passed a null or undefined query
Fri Jan 27 2023 01:34:34 GMT+0200 (Eastern European Standard Time) | ERROR | Client was passed a null or undefined query
Fri Jan 27 2023 01:34:53 GMT+0200 (Eastern European Standard Time) | ERROR | Client was passed a null or undefined query
Fri Jan 27 2023 01:35:01 GMT+0200 (Eastern European Standard Time) | ERROR | Client was passed a null or undefined query
Fri Jan 27 2023 01:35:07 GMT+0200 (Eastern European Standard Time) | ERROR | Client was passed a null or undefined query
Fri Jan 27 2023 01:35:27 GMT+0200 (Eastern European Standard Time) | ERROR | Client was passed a null or undefined query
Fri Jan 27 2023 01:35:55 GMT+0200 (Eastern European Standard Time) | ERROR | syntax error at end of input
Fri Jan 27 2023 01:36:13 GMT+0200 (Eastern European Standard Time) | ERROR | syntax error at end of input
Fri Jan 27 2023 01:36:39 GMT+0200 (Eastern European Standard Time) | ERROR | syntax error at end of input
Fri Jan 27 2023 01:37:21 GMT+0200 (Eastern European Standard Time) | INFO | Get Book By Id: 1
Fri Jan 27 2023 01:37:27 GMT+0200 (Eastern European Standard Time) | INFO | Get Book By Id: 55
Fri Jan 27 2023 01:38:54 GMT+0200 (Eastern European Standard Time) | INFO | Get Book By Id: 55
Fri Jan 27 2023 02:02:47 GMT+0200 (Eastern European Standard Time) | INFO | Get Book By Id: 55
Fri Jan 27 2023 02:02:54 GMT+0200 (Eastern European Standard Time) | INFO | [object Object]
Fri Jan 27 2023 02:05:31 GMT+0200 (Eastern European Standard Time) | INFO | [object Object]
Fri Jan 27 2023 02:05:36 GMT+0200 (Eastern European Standard Time) | INFO | [object Object]
Fri Jan 27 2023 02:06:03 GMT+0200 (Eastern European Standard Time) | INFO | [object Object]
Fri Jan 27 2023 02:06:12 GMT+0200 (Eastern European Standard Time) | INFO | [object Object]
Fri Jan 27 2023 02:06:30 GMT+0200 (Eastern European Standard Time) | INFO | [object Object]
Fri Jan 27 2023 02:06:42 GMT+0200 (Eastern European Standard Time) | INFO | [object Object]
Fri Jan 27 2023 02:07:11 GMT+0200 (Eastern European Standard Time) | INFO | [object Object]
Fri Jan 27 2023 02:07:37 GMT+0200 (Eastern European Standard Time) info: [object Object]
Fri Jan 27 2023 02:07:45 GMT+0200 (Eastern European Standard Time) info: Get All Books
Fri Jan 27 2023 02:08:06 GMT+0200 (Eastern European Standard Time) info: Get All Books
Fri Jan 27 2023 02:08:50 GMT+0200 (Eastern European Standard Time) info: Get All Books
Sat Jan 28 2023 03:17:55 GMT+0200 (Eastern European Standard Time) error: connect ECONNREFUSED ::1:5432
Sat Jan 28 2023 03:18:19 GMT+0200 (Eastern European Standard Time) info: Get All Books
